<?xml version="1.0" encoding="UTF-8"?>
<testng-results ignored="0" total="2" passed="2" failed="0" skipped="0">
  <reporter-output>
  </reporter-output>
  <suite started-at="2024-06-16T13:41:33 IST" name="Suite" finished-at="2024-06-16T13:41:45 IST" duration-ms="12225">
    <groups>
    </groups>
    <test started-at="2024-06-16T13:41:33 IST" name="Test" finished-at="2024-06-16T13:41:45 IST" duration-ms="12225">
      <class name="Search1.Dev">
        <test-method is-config="true" signature="beforeClass()[pri:0, instance:Search1.Dev@671a5887]" started-at="2024-06-16T13:41:33 IST" name="beforeClass" finished-at="2024-06-16T13:41:35 IST" duration-ms="2027" status="PASS">
          <reporter-output>
          </reporter-output>
        </test-method> <!-- beforeClass -->
        <test-method signature="dev()[pri:0, instance:Search1.Dev@671a5887]" started-at="2024-06-16T13:41:35 IST" name="dev" finished-at="2024-06-16T13:41:37 IST" duration-ms="2238" status="PASS">
          <reporter-output>
          </reporter-output>
        </test-method> <!-- dev -->
        <test-method is-config="true" signature="tearDown()[pri:0, instance:Search1.Dev@671a5887]" started-at="2024-06-16T13:41:37 IST" name="tearDown" finished-at="2024-06-16T13:41:38 IST" duration-ms="339" status="PASS">
          <reporter-output>
          </reporter-output>
        </test-method> <!-- tearDown -->
      </class> <!-- Search1.Dev -->
      <class name="frwk1.Home1">
        <test-method is-config="true" signature="beforeClass()[pri:0, instance:frwk1.Home1@41c2284a]" started-at="2024-06-16T13:41:38 IST" name="beforeClass" finished-at="2024-06-16T13:41:39 IST" duration-ms="893" status="PASS">
          <reporter-output>
          </reporter-output>
        </test-method> <!-- beforeClass -->
        <test-method signature="f()[pri:0, instance:frwk1.Home1@41c2284a]" started-at="2024-06-16T13:41:39 IST" name="f" finished-at="2024-06-16T13:41:45 IST" duration-ms="6327" status="PASS">
          <reporter-output>
          </reporter-output>
        </test-method> <!-- f -->
        <test-method is-config="true" signature="tearDown()[pri:0, instance:frwk1.Home1@41c2284a]" started-at="2024-06-16T13:41:45 IST" name="tearDown" finished-at="2024-06-16T13:41:45 IST" duration-ms="360" status="PASS">
          <reporter-output>
          </reporter-output>
        </test-method> <!-- tearDown -->
      </class> <!-- frwk1.Home1 -->
    </test> <!-- Test -->
  </suite> <!-- Suite -->
</testng-results>
